[05Sep2025 00:02:06.117] [Server thread/WARN] [net.minecraft.server.network.ServerGamePacketListenerImpl/]: Eduardo171 moved too quickly! 1.2869513919306428,2.7491326388584127,9.737188881976692
[05Sep2025 00:03:05.814] [Server thread/INFO] [net.minecraft.server.MinecraftServer/]: [Not Secure] <elikernomamahuev> me hicieron mierda la armadura
[05Sep2025 00:03:07.561] [Server thread/INFO] [net.minecraft.server.MinecraftServer/]: [Not Secure] <elikernomamahuev> ala verga
[05Sep2025 00:03:20.781] [Server thread/INFO] [net.minecraft.server.MinecraftServer/]: [Not Secure] <elikernomamahuev> no
[05Sep2025 00:03:39.610] [Server thread/INFO] [net.minecraft.server.MinecraftServer/]: [Not Secure] <elikernomamahuev> deja al aldeano pexsel, dejalo ser libre
[05Sep2025 00:06:44.578] [Server thread/WARN] [net.minecraft.server.MinecraftServer/]: Can't keep up! Is the server overloaded? Running 2091ms or 41 ticks behind
[05Sep2025 00:08:22.511] [Server thread/INFO] [net.minecraft.server.network.ServerGamePacketListenerImpl/]: rexsel lost connection: Timed out
[05Sep2025 00:08:22.511] [Server thread/INFO] [net.minecraft.server.MinecraftServer/]: rexsel left the game
[05Sep2025 00:08:34.232] [Server thread/INFO] [net.minecraft.server.players.PlayerList/]: rexsel[/127.204.20.180:40281] logged in with entity id 51403 at (-1440.6715582864972, 70.0, -320.173789963433)
[05Sep2025 00:08:34.308] [Server thread/INFO] [net.minecraft.server.MinecraftServer/]: rexsel joined the game
[05Sep2025 00:08:34.440] [Server thread/INFO] [Jade/]: Syncing config to rexsel (66f48e46-47e6-339c-ac7f-625ad60c0307)
[05Sep2025 00:09:17.271] [Server thread/INFO] [net.minecraft.server.MinecraftServer/]: [Not Secure] <elikernomamahuev> zzzzzz
[05Sep2025 00:09:17.961] [Server thread/INFO] [net.minecraft.server.MinecraftServer/]: [Not Secure] <elikernomamahuev> zzzz
[05Sep2025 00:09:18.280] [Server thread/INFO] [net.minecraft.server.MinecraftServer/]: [Not Secure] <elikernomamahuev> z
[05Sep2025 00:09:18.434] [Server thread/INFO] [net.minecraft.server.MinecraftServer/]: [Not Secure] <elikernomamahuev> z
[05Sep2025 00:09:18.587] [Server thread/INFO] [net.minecraft.server.MinecraftServer/]: [Not Secure] <elikernomamahuev> z
[05Sep2025 00:09:18.734] [Server thread/INFO] [net.minecraft.server.MinecraftServer/]: [Not Secure] <elikernomamahuev> z
[05Sep2025 00:09:19.362] [Server thread/INFO] [net.minecraft.server.MinecraftServer/]: [Not Secure] <elikernomamahuev> z
[05Sep2025 00:09:21.260] [Server thread/INFO] [net.minecraft.server.MinecraftServer/]: [Not Secure] <elikernomamahuev> duerman
[05Sep2025 00:13:25.102] [Server thread/WARN] [net.minecraft.server.MinecraftServer/]: Can't keep up! Is the server overloaded? Running 2015ms or 40 ticks behind
[05Sep2025 00:14:08.756] [Server thread/ERROR] [net.minecraft.Util/]: Invalid entity rotation: NaN, discarding.
[05Sep2025 00:15:13.257] [Server thread/INFO] [net.minecraft.server.MinecraftServer/]: [Not Secure] <elikernomamahuev> chain
[05Sep2025 00:16:33.823] [Server thread/INFO] [net.minecraft.server.MinecraftServer/]: [Not Secure] <elikernomamahuev> hazme tp hacia ti pexsel ya que me va lag
